<?xml version="1.0" encoding="UTF-8"?>
<!-- Generated by org.testng.reporters.JUnitXMLReporter -->
<testsuite ignored="4" hostname="D4J0PT2" failures="0" tests="2" name="Default test" time="8.767" errors="0" timestamp="2023-12-21T07:26:24 IST">
  <testcase classname="com.tmb.tests.LoginPageTest" name="Test1" time="0.312"/>
  <testcase classname="com.tmb.tests.HomePageTest" name="check" time="4.482"/>
  <testcase classname="com.tmb.tests.BaseTest" name="@AfterTest quitbrowser" time="0.0">
    <ignored/>
  </testcase> <!-- @AfterTest quitbrowser -->
  <testcase classname="com.tmb.tests.BaseTest" name="@BeforeTest launchbrowser" time="0.0">
    <ignored/>
  </testcase> <!-- @BeforeTest launchbrowser -->
  <testcase classname="com.tmb.tests.BaseTest" name="@AfterTest quitbrowser" time="0.0">
    <ignored/>
  </testcase> <!-- @AfterTest quitbrowser -->
  <testcase classname="com.tmb.tests.BaseTest" name="@BeforeTest launchbrowser" time="0.0">
    <ignored/>
  </testcase> <!-- @BeforeTest launchbrowser -->
</testsuite> <!-- Default test -->
