<?xml version="1.0" encoding="UTF-8"?>
<testng-results ignored="0" total="2" passed="2" failed="0" skipped="0">
  <reporter-output>
  </reporter-output>
  <suite started-at="2023-12-18T21:29:39 IST" name="Suite" finished-at="2023-12-18T21:29:44 IST" duration-ms="4498">
    <groups>
    </groups>
    <test started-at="2023-12-18T21:29:39 IST" name="Test" finished-at="2023-12-18T21:29:44 IST" duration-ms="4498">
      <class name="com.tmb.tests.LoginPageTest">
        <test-method is-config="true" signature="launchbrowser()[pri:0, instance:com.tmb.tests.LoginPageTest@313ac989]" started-at="2023-12-18T21:29:39 IST" name="launchbrowser" finished-at="2023-12-18T21:29:41 IST" duration-ms="1803" status="PASS">
          <reporter-output>
          </reporter-output>
        </test-method> <!-- launchbrowser -->
        <test-method signature="Test2()[pri:1, instance:com.tmb.tests.LoginPageTest@313ac989]" started-at="2023-12-18T21:29:41 IST" name="Test2" finished-at="2023-12-18T21:29:41 IST" duration-ms="391" status="PASS">
          <reporter-output>
          </reporter-output>
        </test-method> <!-- Test2 -->
        <test-method signature="Test1()[pri:2, instance:com.tmb.tests.LoginPageTest@313ac989]" started-at="2023-12-18T21:29:41 IST" name="Test1" finished-at="2023-12-18T21:29:43 IST" duration-ms="1883" status="PASS">
          <reporter-output>
          </reporter-output>
        </test-method> <!-- Test1 -->
        <test-method is-config="true" signature="quitbrowser()[pri:0, instance:com.tmb.tests.LoginPageTest@313ac989]" started-at="2023-12-18T21:29:43 IST" name="quitbrowser" finished-at="2023-12-18T21:29:44 IST" duration-ms="363" status="PASS">
          <reporter-output>
          </reporter-output>
        </test-method> <!-- quitbrowser -->
      </class> <!-- com.tmb.tests.LoginPageTest -->
    </test> <!-- Test -->
  </suite> <!-- Suite -->
</testng-results>
